<?xml version="1.0" encoding="UTF-8"?>
<testsuite xmlns:xsi="http://www.w3.org/2001/XMLSchema-instance" xsi:noNamespaceSchemaLocation="https://maven.apache.org/surefire/maven-surefire-plugin/xsd/surefire-test-report-3.0.xsd" version="3.0" name="testRunner.Runner" time="59.347" tests="3" errors="0" skipped="0" failures="0">
  <properties>
[...]
</properties>
  <testcase name="Scenario to Login to axess.sc.com" classname="Login to axess.sc.com" time="21.883">
    <system-out><![CDATA[@tag
Feature: Login to axess.sc.com

  Background: this is background steps             # Features/Login.feature:4
[DEBUG] Resolution chrome=100 in cache (valid until 19:05:35 27/04/2022 IST)
[DEBUG] Resolution chrome100=100.0.4896.60 in cache (valid until 18:05:35 28/04/2022 IST)
[INFO] Using chromedriver 100.0.4896.60 (resolved driver for Chrome 100)
[DEBUG] Driver chromedriver 100.0.4896.60 found in cache
[INFO] Exporting webdriver.chrome.driver as C:\Users\Krishnamoorthy H\.cache\selenium\chromedriver\win32\100.0.4896.60\chromedriver.exe
    Given Launch Chrome Browser                    # ImplementedSteps.launch_Chrome_Browser()
    When user navigates to "https://axess.sc.com/" # ImplementedSteps.user_navigates_to(String)

  @tag
  Scenario: Scenario to Login to axess.sc.com                                              # Features/Login.feature:8
    And user enters username as "krishnamoorthy2611@gmail.com" and password as "Admin@123" # ImplementedSteps.user_enters_username_as_and_password_as(String,String)
    And click login                                                                        # ImplementedSteps.click_login()
    Then home page is loaded and the title should contain "aXess: Welcome"                 # ImplementedSteps.home_page_is_loaded_and_the_title_should_contain(String)
user logged out
    When the user clicks logout                                                            # ImplementedSteps.the_user_clicks_logout()
    And browser Closed                                                                     # ImplementedSteps.browser_Closed()
]]></system-out>
    <system-err><![CDATA[Apr 27, 2022 7:03:20 PM cucumber.runtime.java.ObjectFactoryLoader loadSingleObjectFactory
WARNING: Use deprecated reflections to load ObjectFactory.
Starting ChromeDriver 100.0.4896.60 (6a5d10861ce8de5fce22564658033b43cb7de047-refs/branch-heads/4896@{#875}) on port 33089
Only local connections are allowed.
Please see https://chromedriver.chromium.org/security-considerations for suggestions on keeping ChromeDriver safe.
ChromeDriver was started successfully.
Apr 27, 2022 7:03:25 PM org.openqa.selenium.remote.ProtocolHandshake createSession
INFO: Detected dialect: W3C
]]></system-err>
  </testcase>
  <testcase name="Login Data Driven" classname="Login to axess.sc.com" time="18.649">
    <system-out><![CDATA[
  Scenario Outline: Login Data Driven # Features/Login.feature:15
    And user enters username as "<email>" and password as "<password>"
    And click login
    Then home page is loaded and the title should contain "aXess: Welcome"
    When the user clicks logout
    And browser Closed

    Examples: 

  Background: this is background steps             # Features/Login.feature:4
[DEBUG] Resolution chrome=100 in cache (valid until 19:05:35 27/04/2022 IST)
[DEBUG] Resolution chrome100=100.0.4896.60 in cache (valid until 18:05:35 28/04/2022 IST)
[INFO] Using chromedriver 100.0.4896.60 (resolved driver for Chrome 100)
[DEBUG] Driver chromedriver 100.0.4896.60 found in cache
[INFO] Exporting webdriver.chrome.driver as C:\Users\Krishnamoorthy H\.cache\selenium\chromedriver\win32\100.0.4896.60\chromedriver.exe
    Given Launch Chrome Browser                    # ImplementedSteps.launch_Chrome_Browser()
    When user navigates to "https://axess.sc.com/" # ImplementedSteps.user_navigates_to(String)

  @tag
  Scenario Outline: Login Data Driven                                                      # Features/Login.feature:24
    And user enters username as "krishnamoorthy2611@gmail.com" and password as "Admin@123" # ImplementedSteps.user_enters_username_as_and_password_as(String,String)
    And click login                                                                        # ImplementedSteps.click_login()
    Then home page is loaded and the title should contain "aXess: Welcome"                 # ImplementedSteps.home_page_is_loaded_and_the_title_should_contain(String)
user logged out
    When the user clicks logout                                                            # ImplementedSteps.the_user_clicks_logout()
    And browser Closed                                                                     # ImplementedSteps.browser_Closed()
]]></system-out>
    <system-err><![CDATA[Starting ChromeDriver 100.0.4896.60 (6a5d10861ce8de5fce22564658033b43cb7de047-refs/branch-heads/4896@{#875}) on port 24614
Only local connections are allowed.
Please see https://chromedriver.chromium.org/security-considerations for suggestions on keeping ChromeDriver safe.
ChromeDriver was started successfully.
Apr 27, 2022 7:03:43 PM org.openqa.selenium.remote.ProtocolHandshake createSession
INFO: Detected dialect: W3C
]]></system-err>
  </testcase>
  <testcase name="Login Data Driven" classname="Login to axess.sc.com" time="18.114">
    <system-out><![CDATA[
  Background: this is background steps             # Features/Login.feature:4
[DEBUG] Resolution chrome=100 in cache (valid until 19:05:35 27/04/2022 IST)
[DEBUG] Resolution chrome100=100.0.4896.60 in cache (valid until 18:05:35 28/04/2022 IST)
[INFO] Using chromedriver 100.0.4896.60 (resolved driver for Chrome 100)
[DEBUG] Driver chromedriver 100.0.4896.60 found in cache
[INFO] Exporting webdriver.chrome.driver as C:\Users\Krishnamoorthy H\.cache\selenium\chromedriver\win32\100.0.4896.60\chromedriver.exe
    Given Launch Chrome Browser                    # ImplementedSteps.launch_Chrome_Browser()
    When user navigates to "https://axess.sc.com/" # ImplementedSteps.user_navigates_to(String)

  @tag
  Scenario Outline: Login Data Driven                                                        # Features/Login.feature:25
    And user enters username as "krishnamoorthy2611@yahoo.co.in" and password as "Admin@123" # ImplementedSteps.user_enters_username_as_and_password_as(String,String)
    And click login                                                                          # ImplementedSteps.click_login()
    Then home page is loaded and the title should contain "aXess: Welcome"                   # ImplementedSteps.home_page_is_loaded_and_the_title_should_contain(String)
user logged out
    When the user clicks logout                                                              # ImplementedSteps.the_user_clicks_logout()
    And browser Closed                                                                       # ImplementedSteps.browser_Closed()
]]></system-out>
    <system-err><![CDATA[Starting ChromeDriver 100.0.4896.60 (6a5d10861ce8de5fce22564658033b43cb7de047-refs/branch-heads/4896@{#875}) on port 14591
Only local connections are allowed.
Please see https://chromedriver.chromium.org/security-considerations for suggestions on keeping ChromeDriver safe.
ChromeDriver was started successfully.
Apr 27, 2022 7:04:02 PM org.openqa.selenium.remote.ProtocolHandshake createSession
INFO: Detected dialect: W3C
]]></system-err>
  </testcase>
</testsuite>